#0 building with "desktop-linux" instance using docker driver

#1 [internal] load build definition from Dockerfile
#1 transferring dockerfile: 594B done
#1 DONE 0.0s

#2 [auth] library/python:pull token for registry-1.docker.io
#2 DONE 0.0s

#3 [internal] load metadata for docker.io/library/python:3.12-slim
#3 DONE 0.8s

#4 [internal] load .dockerignore
#4 transferring context: 371B done
#4 DONE 0.0s

#5 [internal] load build context
#5 transferring context: 5.26kB done
#5 DONE 0.0s

#6 [ 1/11] FROM docker.io/library/python:3.12-slim@sha256:46cb7cc2877e60fbd5e21a9ae6115c30ace7a077b9f8772da879e4590c18c2e3
#6 resolve docker.io/library/python:3.12-slim@sha256:46cb7cc2877e60fbd5e21a9ae6115c30ace7a077b9f8772da879e4590c18c2e3 0.0s done
#6 DONE 0.0s

#7 [ 2/11] WORKDIR /app
#7 CACHED

#8 [ 3/11] RUN pip install --no-cache-dir uv
#8 CACHED

#9 [ 4/11] COPY pyproject.toml uv.lock ./
#9 CACHED

#10 [ 5/11] RUN uv sync --frozen --no-dev --no-install-project
#10 0.435 Using CPython 3.12.13 interpreter at: /usr/local/bin/python3
#10 0.435 Creating virtual environment at: .venv
#10 0.755 Downloading kiwisolver (1.4MiB)
#10 0.756 Downloading nvidia-cufile-cu12 (1.1MiB)
#10 0.757 Downloading sympy (6.0MiB)
#10 0.838 Downloading networkx (2.0MiB)
#10 0.838 Downloading pillow (6.8MiB)
#10 0.839 Downloading mlflow-skinny (3.0MiB)
#10 0.839 Downloading nvidia-nccl-cu12 (283.0MiB)
#10 0.840 Downloading matplotlib (8.4MiB)
#10 0.842 Downloading cuda-bindings (7.2MiB)
#10 0.843 Downloading numpy (15.9MiB)
#10 0.844 Downloading pydantic-core (2.0MiB)
#10 0.845 Downloading nvidia-cudnn-cu12 (627.4MiB)
#10 0.845 Downloading aiohttp (1.7MiB)
#10 0.846 Downloading scikit-learn (8.5MiB)
#10 0.847 Downloading mlflow-tracing (1.5MiB)
#10 0.848 Downloading nvidia-cufft-cu12 (184.2MiB)
#10 0.848 Downloading nvidia-cublas-cu12 (566.8MiB)
#10 0.849 Downloading mlflow (10.0MiB)
#10 0.849 Downloading sqlalchemy (3.2MiB)
#10 0.850 Downloading pandas (11.8MiB)
#10 0.851 Downloading nvidia-cusparse-cu12 (274.9MiB)
#10 0.852 Downloading nvidia-curand-cu12 (60.7MiB)
#10 0.852 Downloading triton (179.5MiB)
#10 0.853 Downloading cryptography (4.3MiB)
#10 0.854 Downloading nvidia-cuda-cupti-cu12 (9.8MiB)
#10 0.855 Downloading nvidia-cusparselt-cu12 (273.9MiB)
#10 0.911 Downloading scipy (33.6MiB)
#10 0.912 Downloading nvidia-cuda-nvrtc-cu12 (84.0MiB)
#10 0.912 Downloading pyarrow (45.4MiB)
#10 0.913 Downloading nvidia-nvshmem-cu12 (132.7MiB)
#10 0.914 Downloading uvloop (4.2MiB)
#10 0.914 Downloading fonttools (4.8MiB)
#10 0.915 Downloading setuptools (1.0MiB)
#10 0.915 Downloading nvidia-cusolver-cu12 (255.1MiB)
#10 0.916 Downloading nvidia-nvjitlink-cu12 (37.4MiB)
#10 0.918 Downloading torchvision (7.7MiB)
#10 0.920 Downloading torch (782.3MiB)
#10 8.076  Downloaded torchvision
#10 14.96  Downloaded setuptools
#10 15.59  Downloaded nvidia-cufile-cu12
#10 17.99  Downloaded kiwisolver
#10 18.76  Downloaded mlflow-tracing
#10 19.35  Downloaded aiohttp
#10 20.50  Downloaded networkx
#10 20.88  Downloaded pydantic-core
#10 23.46  Downloaded mlflow-skinny
#10 24.34  Downloaded sqlalchemy
#10 26.93  Downloaded uvloop
#10 27.29  Downloaded cryptography
#10 28.60  Downloaded fonttools
#10 31.17  Downloaded sympy
#10 32.96  Downloaded pillow
#10 33.61  Downloaded cuda-bindings
#10 36.40  Downloaded matplotlib
#10 36.82  Downloaded scikit-learn
#10 39.56  Downloaded nvidia-cuda-cupti-cu12
#10 39.75  Downloaded mlflow
#10 46.11  Downloaded pandas
#10 63.05  Downloaded numpy
#10 91.09  Downloaded scipy
#10 96.14  Downloaded nvidia-nvjitlink-cu12
#10 105.7  Downloaded pyarrow
#10 125.3  Downloaded nvidia-curand-cu12
#10 184.3  Downloaded nvidia-cuda-nvrtc-cu12
